{"uuid":"e8adea42-af10-425f-a2a2-285878ce56d4","historyId":"26e194e1367c293fd360efec021d0e13","fullName":"Stack Page: The user is able to navigate to Applications page having an tryEditor","labels":[{"name":"tag","value":"Stack"},{"name":"tag","value":"Stack12"},{"name":"host","value":"DESKTOP-88CLK0G"},{"name":"thread","value":"18840@DESKTOP-88CLK0G.main(1)"},{"name":"feature","value":"Stack Page"},{"name":"story","value":"The user is able to navigate to Applications page having an tryEditor"},{"name":"suite","value":"Stack Page"},{"name":"testClass","value":"The user is able to navigate to Applications page having an tryEditor"},{"name":"framework","value":"cucumber4jvm"},{"name":"language","value":"java"},{"name":"gherkin_uri","value":"file:///C:/Users/anoop/eclipse-workspaceNew/DS_AlgoProjectNew/src/test/resources/features/07StackPage.feature"},{"name":"package","value":"src.test.resources.features.07StackPage_feature.Stack Page"}],"links":[],"name":"The user is able to navigate to Applications page having an tryEditor","status":"skipped","statusDetails":{"known":false,"muted":false,"flaky":false,"message":"Undefined Step. Please add step definition","trace":"java.lang.IllegalStateException: Undefined Step. Please add step definition\r\n\tat io.qameta.allure.cucumber7jvm.AllureCucumber7Jvm.handlePickleStep(AllureCucumber7Jvm.java:414)\r\n\tat io.qameta.allure.cucumber7jvm.AllureCucumber7Jvm.handleTestStepFinished(AllureCucumber7Jvm.java:244)\r\n\tat io.cucumber.core.eventbus.AbstractEventPublisher.send(AbstractEventPublisher.java:51)\r\n\tat io.cucumber.core.eventbus.AbstractEventBus.send(AbstractEventBus.java:12)\r\n\tat io.cucumber.core.runtime.SynchronizedEventBus.send(SynchronizedEventBus.java:47)\r\n\tat io.cucumber.core.runtime.ThreadLocalRunnerSupplier$LocalEventBus.send(ThreadLocalRunnerSupplier.java:62)\r\n\tat io.cucumber.core.runner.TestStep.emitTestStepFinished(TestStep.java:116)\r\n\tat io.cucumber.core.runner.TestStep.run(TestStep.java:67)\r\n\tat io.cucumber.core.runner.PickleStepTestStep.run(PickleStepTestStep.java:51)\r\n\tat io.cucumber.core.runner.TestCase.run(TestCase.java:84)\r\n\tat io.cucumber.core.runner.Runner.runPickle(Runner.java:75)\r\n\tat io.cucumber.junit.PickleRunners$NoStepDescriptions.lambda$run$0(PickleRunners.java:151)\r\n\tat io.cucumber.core.runtime.CucumberExecutionContext.lambda$runTestCase$5(CucumberExecutionContext.java:137)\r\n\tat io.cucumber.core.runtime.RethrowingThrowableCollector.executeAndThrow(RethrowingThrowableCollector.java:23)\r\n\tat io.cucumber.core.runtime.CucumberExecutionContext.runTestCase(CucumberExecutionContext.java:137)\r\n\tat io.cucumber.junit.PickleRunners$NoStepDescriptions.run(PickleRunners.java:148)\r\n\tat io.cucumber.junit.FeatureRunner.runChild(FeatureRunner.java:144)\r\n\tat io.cucumber.junit.FeatureRunner.runChild(FeatureRunner.java:28)\r\n\tat org.junit.runners.ParentRunner$4.run(ParentRunner.java:331)\r\n\tat org.junit.runners.ParentRunner$1.schedule(ParentRunner.java:79)\r\n\tat org.junit.runners.ParentRunner.runChildren(ParentRunner.java:329)\r\n\tat org.junit.runners.ParentRunner.access$100(ParentRunner.java:66)\r\n\tat org.junit.runners.ParentRunner$2.evaluate(ParentRunner.java:293)\r\n\tat org.junit.runners.ParentRunner$3.evaluate(ParentRunner.java:306)\r\n\tat org.junit.runners.ParentRunner.run(ParentRunner.java:413)\r\n\tat io.cucumber.junit.FeatureRunner.run(FeatureRunner.java:137)\r\n\tat io.cucumber.junit.Cucumber.runChild(Cucumber.java:196)\r\n\tat io.cucumber.junit.Cucumber.runChild(Cucumber.java:89)\r\n\tat org.junit.runners.ParentRunner$4.run(ParentRunner.java:331)\r\n\tat org.junit.runners.ParentRunner$1.schedule(ParentRunner.java:79)\r\n\tat org.junit.runners.ParentRunner.runChildren(ParentRunner.java:329)\r\n\tat org.junit.runners.ParentRunner.access$100(ParentRunner.java:66)\r\n\tat org.junit.runners.ParentRunner$2.evaluate(ParentRunner.java:293)\r\n\tat io.cucumber.core.runtime.CucumberExecutionContext.lambda$runFeatures$6(CucumberExecutionContext.java:148)\r\n\tat io.cucumber.core.runtime.CucumberExecutionContext.execute(CucumberExecutionContext.java:163)\r\n\tat io.cucumber.core.runtime.CucumberExecutionContext.runFeatures(CucumberExecutionContext.java:146)\r\n\tat io.cucumber.junit.Cucumber$StartAndFinishTestRun.evaluate(Cucumber.java:226)\r\n\tat org.junit.runners.ParentRunner$3.evaluate(ParentRunner.java:306)\r\n\tat org.junit.runners.ParentRunner.run(ParentRunner.java:413)\r\n\tat org.eclipse.jdt.internal.junit4.runner.JUnit4TestReference.run(JUnit4TestReference.java:93)\r\n\tat org.eclipse.jdt.internal.junit.runner.TestExecution.run(TestExecution.java:40)\r\n\tat org.eclipse.jdt.internal.junit.runner.RemoteTestRunner.runTests(RemoteTestRunner.java:529)\r\n\tat org.eclipse.jdt.internal.junit.runner.RemoteTestRunner.runTests(RemoteTestRunner.java:756)\r\n\tat org.eclipse.jdt.internal.junit.runner.RemoteTestRunner.run(RemoteTestRunner.java:452)\r\n\tat org.eclipse.jdt.internal.junit.runner.RemoteTestRunner.main(RemoteTestRunner.java:210)\r\n"},"stage":"finished","steps":[{"name":"Given  The user is on the \"Applications\" after logged in for stack","statusDetails":{"known":false,"muted":false,"flaky":false,"message":"Undefined Step. Please add step definition","trace":"java.lang.IllegalStateException: Undefined Step. Please add step definition\r\n\tat io.qameta.allure.cucumber7jvm.AllureCucumber7Jvm.handlePickleStep(AllureCucumber7Jvm.java:414)\r\n\tat io.qameta.allure.cucumber7jvm.AllureCucumber7Jvm.handleTestStepFinished(AllureCucumber7Jvm.java:244)\r\n\tat io.cucumber.core.eventbus.AbstractEventPublisher.send(AbstractEventPublisher.java:51)\r\n\tat io.cucumber.core.eventbus.AbstractEventBus.send(AbstractEventBus.java:12)\r\n\tat io.cucumber.core.runtime.SynchronizedEventBus.send(SynchronizedEventBus.java:47)\r\n\tat io.cucumber.core.runtime.ThreadLocalRunnerSupplier$LocalEventBus.send(ThreadLocalRunnerSupplier.java:62)\r\n\tat io.cucumber.core.runner.TestStep.emitTestStepFinished(TestStep.java:116)\r\n\tat io.cucumber.core.runner.TestStep.run(TestStep.java:67)\r\n\tat io.cucumber.core.runner.PickleStepTestStep.run(PickleStepTestStep.java:51)\r\n\tat io.cucumber.core.runner.TestCase.run(TestCase.java:84)\r\n\tat io.cucumber.core.runner.Runner.runPickle(Runner.java:75)\r\n\tat io.cucumber.junit.PickleRunners$NoStepDescriptions.lambda$run$0(PickleRunners.java:151)\r\n\tat io.cucumber.core.runtime.CucumberExecutionContext.lambda$runTestCase$5(CucumberExecutionContext.java:137)\r\n\tat io.cucumber.core.runtime.RethrowingThrowableCollector.executeAndThrow(RethrowingThrowableCollector.java:23)\r\n\tat io.cucumber.core.runtime.CucumberExecutionContext.runTestCase(CucumberExecutionContext.java:137)\r\n\tat io.cucumber.junit.PickleRunners$NoStepDescriptions.run(PickleRunners.java:148)\r\n\tat io.cucumber.junit.FeatureRunner.runChild(FeatureRunner.java:144)\r\n\tat io.cucumber.junit.FeatureRunner.runChild(FeatureRunner.java:28)\r\n\tat org.junit.runners.ParentRunner$4.run(ParentRunner.java:331)\r\n\tat org.junit.runners.ParentRunner$1.schedule(ParentRunner.java:79)\r\n\tat org.junit.runners.ParentRunner.runChildren(ParentRunner.java:329)\r\n\tat org.junit.runners.ParentRunner.access$100(ParentRunner.java:66)\r\n\tat org.junit.runners.ParentRunner$2.evaluate(ParentRunner.java:293)\r\n\tat org.junit.runners.ParentRunner$3.evaluate(ParentRunner.java:306)\r\n\tat org.junit.runners.ParentRunner.run(ParentRunner.java:413)\r\n\tat io.cucumber.junit.FeatureRunner.run(FeatureRunner.java:137)\r\n\tat io.cucumber.junit.Cucumber.runChild(Cucumber.java:196)\r\n\tat io.cucumber.junit.Cucumber.runChild(Cucumber.java:89)\r\n\tat org.junit.runners.ParentRunner$4.run(ParentRunner.java:331)\r\n\tat org.junit.runners.ParentRunner$1.schedule(ParentRunner.java:79)\r\n\tat org.junit.runners.ParentRunner.runChildren(ParentRunner.java:329)\r\n\tat org.junit.runners.ParentRunner.access$100(ParentRunner.java:66)\r\n\tat org.junit.runners.ParentRunner$2.evaluate(ParentRunner.java:293)\r\n\tat io.cucumber.core.runtime.CucumberExecutionContext.lambda$runFeatures$6(CucumberExecutionContext.java:148)\r\n\tat io.cucumber.core.runtime.CucumberExecutionContext.execute(CucumberExecutionContext.java:163)\r\n\tat io.cucumber.core.runtime.CucumberExecutionContext.runFeatures(CucumberExecutionContext.java:146)\r\n\tat io.cucumber.junit.Cucumber$StartAndFinishTestRun.evaluate(Cucumber.java:226)\r\n\tat org.junit.runners.ParentRunner$3.evaluate(ParentRunner.java:306)\r\n\tat org.junit.runners.ParentRunner.run(ParentRunner.java:413)\r\n\tat org.eclipse.jdt.internal.junit4.runner.JUnit4TestReference.run(JUnit4TestReference.java:93)\r\n\tat org.eclipse.jdt.internal.junit.runner.TestExecution.run(TestExecution.java:40)\r\n\tat org.eclipse.jdt.internal.junit.runner.RemoteTestRunner.runTests(RemoteTestRunner.java:529)\r\n\tat org.eclipse.jdt.internal.junit.runner.RemoteTestRunner.runTests(RemoteTestRunner.java:756)\r\n\tat org.eclipse.jdt.internal.junit.runner.RemoteTestRunner.run(RemoteTestRunner.java:452)\r\n\tat org.eclipse.jdt.internal.junit.runner.RemoteTestRunner.main(RemoteTestRunner.java:210)\r\n"},"stage":"finished","steps":[],"attachments":[],"parameters":[],"start":1688668848491,"stop":1688668848492},{"name":"When  The user clicks Try Here button in stack page","status":"skipped","statusDetails":{"known":false,"muted":false,"flaky":false},"stage":"finished","steps":[],"attachments":[],"parameters":[],"start":1688668848493,"stop":1688668848494},{"name":"Then  The user should be redirected to a page having an tryEditor with a Run button to test for stack","status":"skipped","statusDetails":{"known":false,"muted":false,"flaky":false},"stage":"finished","steps":[],"attachments":[],"parameters":[],"start":1688668848494,"stop":1688668848495}],"attachments":[],"parameters":[],"start":1688668848491,"stop":1688668848496}