<?xml version="1.0" encoding="UTF-8"?>
<testng-results ignored="0" total="16" passed="16" failed="0" skipped="0">
  <reporter-output>
  </reporter-output>
  <suite started-at="2023-06-12T22:27:33 EDT" name="Default suite" finished-at="2023-06-12T22:28:43 EDT" duration-ms="69757">
    <groups>
      <group name="cucumber">
        <method signature="AbstractTestNGCucumberTests.runScenario(io.cucumber.testng.PickleWrapper,io.cucumber.testng.FeatureWrapper)[pri:0, instance:runner.TestRunner@3a52dba3]" name="runScenario" class="io.cucumber.testng.AbstractTestNGCucumberTests"/>
      </group> <!-- cucumber -->
    </groups>
    <test started-at="2023-06-12T22:27:33 EDT" name="Default test" finished-at="2023-06-12T22:28:43 EDT" duration-ms="69757">
      <class name="runner.TestRunner">
        <test-method is-config="true" signature="setUpClass(org.testng.ITestContext)[pri:0, instance:runner.TestRunner@3a52dba3]" started-at="2023-06-12T22:27:33 EDT" name="setUpClass" finished-at="2023-06-12T22:27:35 EDT" duration-ms="1343" status="PASS">
          <params>
            <param index="0">
              <value>
                <![CDATA[org.testng.TestRunner@ba562e0]]>
              </value>
            </param>
          </params>
          <reporter-output>
          </reporter-output>
        </test-method> <!-- setUpClass -->
        <test-method signature="runScenario(io.cucumber.testng.PickleWrapper,io.cucumber.testng.FeatureWrapper)[pri:0, instance:runner.TestRunner@3a52dba3]" started-at="2023-06-12T22:27:35 EDT" name="runScenario" description="Runs Cucumber Scenarios" data-provider="scenarios" finished-at="2023-06-12T22:27:42 EDT" duration-ms="7285" status="PASS">
          <params>
            <param index="0">
              <value>
                <![CDATA["User launch home page of an dsalgo project"]]>
              </value>
            </param>
            <param index="1">
              <value>
                <![CDATA["Loading the DS Algo Portal"]]>
              </value>
            </param>
          </params>
          <reporter-output>
          </reporter-output>
        </test-method> <!-- runScenario -->
        <test-method signature="runScenario(io.cucumber.testng.PickleWrapper,io.cucumber.testng.FeatureWrapper)[pri:0, instance:runner.TestRunner@3a52dba3]" started-at="2023-06-12T22:27:42 EDT" name="runScenario" description="Runs Cucumber Scenarios" data-provider="scenarios" finished-at="2023-06-12T22:27:46 EDT" duration-ms="3613" status="PASS">
          <params>
            <param index="0">
              <value>
                <![CDATA["User is on Home page and clicks  dropdown on  home page without sign in"]]>
              </value>
            </param>
            <param index="1">
              <value>
                <![CDATA["Loading the DS Algo Portal"]]>
              </value>
            </param>
          </params>
          <reporter-output>
          </reporter-output>
        </test-method> <!-- runScenario -->
        <test-method signature="runScenario(io.cucumber.testng.PickleWrapper,io.cucumber.testng.FeatureWrapper)[pri:0, instance:runner.TestRunner@3a52dba3]" started-at="2023-06-12T22:27:46 EDT" name="runScenario" description="Runs Cucumber Scenarios" data-provider="scenarios" finished-at="2023-06-12T22:27:50 EDT" duration-ms="4345" status="PASS">
          <params>
            <param index="0">
              <value>
                <![CDATA["User is on Home page and clicks  dropdown on  home page without sign in"]]>
              </value>
            </param>
            <param index="1">
              <value>
                <![CDATA["Loading the DS Algo Portal"]]>
              </value>
            </param>
          </params>
          <reporter-output>
          </reporter-output>
        </test-method> <!-- runScenario -->
        <test-method signature="runScenario(io.cucumber.testng.PickleWrapper,io.cucumber.testng.FeatureWrapper)[pri:0, instance:runner.TestRunner@3a52dba3]" started-at="2023-06-12T22:27:50 EDT" name="runScenario" description="Runs Cucumber Scenarios" data-provider="scenarios" finished-at="2023-06-12T22:27:55 EDT" duration-ms="4492" status="PASS">
          <params>
            <param index="0">
              <value>
                <![CDATA["User is on Home page and clicks  dropdown on  home page without sign in"]]>
              </value>
            </param>
            <param index="1">
              <value>
                <![CDATA["Loading the DS Algo Portal"]]>
              </value>
            </param>
          </params>
          <reporter-output>
          </reporter-output>
        </test-method> <!-- runScenario -->
        <test-method signature="runScenario(io.cucumber.testng.PickleWrapper,io.cucumber.testng.FeatureWrapper)[pri:0, instance:runner.TestRunner@3a52dba3]" started-at="2023-06-12T22:27:55 EDT" name="runScenario" description="Runs Cucumber Scenarios" data-provider="scenarios" finished-at="2023-06-12T22:27:59 EDT" duration-ms="4223" status="PASS">
          <params>
            <param index="0">
              <value>
                <![CDATA["User is on Home page and clicks  dropdown on  home page without sign in"]]>
              </value>
            </param>
            <param index="1">
              <value>
                <![CDATA["Loading the DS Algo Portal"]]>
              </value>
            </param>
          </params>
          <reporter-output>
          </reporter-output>
        </test-method> <!-- runScenario -->
        <test-method signature="runScenario(io.cucumber.testng.PickleWrapper,io.cucumber.testng.FeatureWrapper)[pri:0, instance:runner.TestRunner@3a52dba3]" started-at="2023-06-12T22:27:59 EDT" name="runScenario" description="Runs Cucumber Scenarios" data-provider="scenarios" finished-at="2023-06-12T22:28:03 EDT" duration-ms="4561" status="PASS">
          <params>
            <param index="0">
              <value>
                <![CDATA["User is on Home page and clicks  dropdown on  home page without sign in"]]>
              </value>
            </param>
            <param index="1">
              <value>
                <![CDATA["Loading the DS Algo Portal"]]>
              </value>
            </param>
          </params>
          <reporter-output>
          </reporter-output>
        </test-method> <!-- runScenario -->
        <test-method signature="runScenario(io.cucumber.testng.PickleWrapper,io.cucumber.testng.FeatureWrapper)[pri:0, instance:runner.TestRunner@3a52dba3]" started-at="2023-06-12T22:28:03 EDT" name="runScenario" description="Runs Cucumber Scenarios" data-provider="scenarios" finished-at="2023-06-12T22:28:08 EDT" duration-ms="4537" status="PASS">
          <params>
            <param index="0">
              <value>
                <![CDATA["User is on Home page and clicks  dropdown on  home page without sign in"]]>
              </value>
            </param>
            <param index="1">
              <value>
                <![CDATA["Loading the DS Algo Portal"]]>
              </value>
            </param>
          </params>
          <reporter-output>
          </reporter-output>
        </test-method> <!-- runScenario -->
        <test-method signature="runScenario(io.cucumber.testng.PickleWrapper,io.cucumber.testng.FeatureWrapper)[pri:0, instance:runner.TestRunner@3a52dba3]" started-at="2023-06-12T22:28:08 EDT" name="runScenario" description="Runs Cucumber Scenarios" data-provider="scenarios" finished-at="2023-06-12T22:28:12 EDT" duration-ms="4149" status="PASS">
          <params>
            <param index="0">
              <value>
                <![CDATA["User is on Home page and click getstarted link on  home page without sign in"]]>
              </value>
            </param>
            <param index="1">
              <value>
                <![CDATA["Loading the DS Algo Portal"]]>
              </value>
            </param>
          </params>
          <reporter-output>
          </reporter-output>
        </test-method> <!-- runScenario -->
        <test-method signature="runScenario(io.cucumber.testng.PickleWrapper,io.cucumber.testng.FeatureWrapper)[pri:0, instance:runner.TestRunner@3a52dba3]" started-at="2023-06-12T22:28:12 EDT" name="runScenario" description="Runs Cucumber Scenarios" data-provider="scenarios" finished-at="2023-06-12T22:28:15 EDT" duration-ms="3093" status="PASS">
          <params>
            <param index="0">
              <value>
                <![CDATA["User is on Home page and click getstarted link on  home page without sign in"]]>
              </value>
            </param>
            <param index="1">
              <value>
                <![CDATA["Loading the DS Algo Portal"]]>
              </value>
            </param>
          </params>
          <reporter-output>
          </reporter-output>
        </test-method> <!-- runScenario -->
        <test-method signature="runScenario(io.cucumber.testng.PickleWrapper,io.cucumber.testng.FeatureWrapper)[pri:0, instance:runner.TestRunner@3a52dba3]" started-at="2023-06-12T22:28:15 EDT" name="runScenario" description="Runs Cucumber Scenarios" data-provider="scenarios" finished-at="2023-06-12T22:28:19 EDT" duration-ms="4111" status="PASS">
          <params>
            <param index="0">
              <value>
                <![CDATA["User is on Home page and click getstarted link on  home page without sign in"]]>
              </value>
            </param>
            <param index="1">
              <value>
                <![CDATA["Loading the DS Algo Portal"]]>
              </value>
            </param>
          </params>
          <reporter-output>
          </reporter-output>
        </test-method> <!-- runScenario -->
        <test-method signature="runScenario(io.cucumber.testng.PickleWrapper,io.cucumber.testng.FeatureWrapper)[pri:0, instance:runner.TestRunner@3a52dba3]" started-at="2023-06-12T22:28:19 EDT" name="runScenario" description="Runs Cucumber Scenarios" data-provider="scenarios" finished-at="2023-06-12T22:28:23 EDT" duration-ms="4106" status="PASS">
          <params>
            <param index="0">
              <value>
                <![CDATA["User is on Home page and click getstarted link on  home page without sign in"]]>
              </value>
            </param>
            <param index="1">
              <value>
                <![CDATA["Loading the DS Algo Portal"]]>
              </value>
            </param>
          </params>
          <reporter-output>
          </reporter-output>
        </test-method> <!-- runScenario -->
        <test-method signature="runScenario(io.cucumber.testng.PickleWrapper,io.cucumber.testng.FeatureWrapper)[pri:0, instance:runner.TestRunner@3a52dba3]" started-at="2023-06-12T22:28:23 EDT" name="runScenario" description="Runs Cucumber Scenarios" data-provider="scenarios" finished-at="2023-06-12T22:28:27 EDT" duration-ms="3894" status="PASS">
          <params>
            <param index="0">
              <value>
                <![CDATA["User is on Home page and click getstarted link on  home page without sign in"]]>
              </value>
            </param>
            <param index="1">
              <value>
                <![CDATA["Loading the DS Algo Portal"]]>
              </value>
            </param>
          </params>
          <reporter-output>
          </reporter-output>
        </test-method> <!-- runScenario -->
        <test-method signature="runScenario(io.cucumber.testng.PickleWrapper,io.cucumber.testng.FeatureWrapper)[pri:0, instance:runner.TestRunner@3a52dba3]" started-at="2023-06-12T22:28:27 EDT" name="runScenario" description="Runs Cucumber Scenarios" data-provider="scenarios" finished-at="2023-06-12T22:28:31 EDT" duration-ms="3531" status="PASS">
          <params>
            <param index="0">
              <value>
                <![CDATA["User is on Home page and click getstarted link on  home page without sign in"]]>
              </value>
            </param>
            <param index="1">
              <value>
                <![CDATA["Loading the DS Algo Portal"]]>
              </value>
            </param>
          </params>
          <reporter-output>
          </reporter-output>
        </test-method> <!-- runScenario -->
        <test-method signature="runScenario(io.cucumber.testng.PickleWrapper,io.cucumber.testng.FeatureWrapper)[pri:0, instance:runner.TestRunner@3a52dba3]" started-at="2023-06-12T22:28:31 EDT" name="runScenario" description="Runs Cucumber Scenarios" data-provider="scenarios" finished-at="2023-06-12T22:28:35 EDT" duration-ms="3792" status="PASS">
          <params>
            <param index="0">
              <value>
                <![CDATA["User is on Home page and click getstarted link on  home page without sign in"]]>
              </value>
            </param>
            <param index="1">
              <value>
                <![CDATA["Loading the DS Algo Portal"]]>
              </value>
            </param>
          </params>
          <reporter-output>
          </reporter-output>
        </test-method> <!-- runScenario -->
        <test-method signature="runScenario(io.cucumber.testng.PickleWrapper,io.cucumber.testng.FeatureWrapper)[pri:0, instance:runner.TestRunner@3a52dba3]" started-at="2023-06-12T22:28:35 EDT" name="runScenario" description="Runs Cucumber Scenarios" data-provider="scenarios" finished-at="2023-06-12T22:28:39 EDT" duration-ms="4549" status="PASS">
          <params>
            <param index="0">
              <value>
                <![CDATA["User is on Home page and click on sign in"]]>
              </value>
            </param>
            <param index="1">
              <value>
                <![CDATA["Loading the DS Algo Portal"]]>
              </value>
            </param>
          </params>
          <reporter-output>
          </reporter-output>
        </test-method> <!-- runScenario -->
        <test-method signature="runScenario(io.cucumber.testng.PickleWrapper,io.cucumber.testng.FeatureWrapper)[pri:0, instance:runner.TestRunner@3a52dba3]" started-at="2023-06-12T22:28:39 EDT" name="runScenario" description="Runs Cucumber Scenarios" data-provider="scenarios" finished-at="2023-06-12T22:28:43 EDT" duration-ms="3916" status="PASS">
          <params>
            <param index="0">
              <value>
                <![CDATA["User is on Home page and click on Register"]]>
              </value>
            </param>
            <param index="1">
              <value>
                <![CDATA["Loading the DS Algo Portal"]]>
              </value>
            </param>
          </params>
          <reporter-output>
          </reporter-output>
        </test-method> <!-- runScenario -->
        <test-method is-config="true" signature="tearDownClass()[pri:0, instance:runner.TestRunner@3a52dba3]" started-at="2023-06-12T22:28:43 EDT" name="tearDownClass" finished-at="2023-06-12T22:28:43 EDT" duration-ms="72" status="PASS">
          <reporter-output>
          </reporter-output>
        </test-method> <!-- tearDownClass -->
      </class> <!-- runner.TestRunner -->
    </test> <!-- Default test -->
  </suite> <!-- Default suite -->
</testng-results>
